[2025-09-06T13:05:03.420Z] [INFO] Application started
[2025-09-06T13:05:03.425Z] [WARN] This is a warning message
[2025-09-06T13:05:03.425Z] [ERROR] Something went wrong!
[2025-09-06T13:05:03.425Z] [DEBUG] Debugging data...
[2025-09-06T13:05:35.882Z] [INFO] Application started
[2025-09-06T13:05:35.886Z] [WARN] This is a warning message
[2025-09-06T13:05:35.886Z] [ERROR] Something went wrong!
[2025-09-06T13:05:35.886Z] [DEBUG] Debugging data...
[2025-09-06T13:05:38.278Z] [INFO] Application started
[2025-09-06T13:05:38.282Z] [WARN] This is a warning message
[2025-09-06T13:05:38.283Z] [ERROR] Something went wrong!
[2025-09-06T13:05:38.283Z] [DEBUG] Debugging data...
[2025-09-06T13:07:21.619Z] [INFO] Application started
[2025-09-06T13:07:21.623Z] [WARN] This is a warning message
[2025-09-06T13:07:21.624Z] [ERROR] Something went wrong!
[2025-09-06T13:07:21.624Z] [DEBUG] Debugging data...
[2025-09-06T13:44:03.502Z] [ERROR] Something went wrong!
[2025-09-06T14:41:50.861Z] [ERROR] Something went wrong!
[2025-09-06T14:42:09.490Z] [ERROR] Something went wrong!
[2025-09-06T14:42:13.341Z] [ERROR] Something went wrong!
[2025-09-06T14:42:22.568Z] [ERROR] Something went wrong! askljdklj lkaj sklj
[2025-09-06T14:42:37.618Z] [ERROR] Something went wrong! askljdklj lkaj sklj
[2025-09-06T14:48:14.067Z] [ERROR] Something went wrong! askljdklj lkaj sklj
[2025-09-06T14:49:25.382Z] [ERROR] Something went wrong! askljdklj lkaj sklj
[2025-09-06T14:49:30.003Z] [ERROR] Something went wrong! askljdklj lkaj sklj
[2025-09-06T14:49:45.971Z] [ERROR] Something went wrong! askljdklj lkaj sklj
[2025-09-06T14:49:53.582Z] [ERROR] Something went wrong! askljdklj lkaj sklj
[2025-09-06T14:50:05.768Z] [ERROR] Something went wrong!
[2025-09-06T14:50:15.053Z] [ERROR] Something went wrong! with hamza
[2025-09-06T14:51:48.523Z] [ERROR] Something went wrong! with hamza
[2025-09-06T14:51:49.739Z] [ERROR] Something went wrong! with hamza
[2025-09-06T14:51:55.427Z] [ERROR] Something went wrong! with hamza
[2025-09-06T14:58:25.243Z] [ERROR] Something went wrong! askljdklj lkaj sklj
[2025-09-06T15:22:34.526Z] [ERROR] Something went wrong! askljdklj lkaj sklj
[2025-09-06T15:22:53.025Z] [ERROR] Something went wrong
[2025-09-06T15:26:49.917Z] [ERROR] Something went wrong
[2025-09-06T15:42:17.172Z] [ERROR] Something went wrong
[2025-09-06T15:53:35.786Z] [ERROR] Something went wrong
[2025-09-06T15:53:57.199Z] [ERROR] Something went wrong
[2025-09-06T15:54:07.544Z] [ERROR] Something went wrong
[2025-09-06T15:54:08.751Z] [ERROR] Something went wrong
[2025-09-06T15:57:11.030Z] [ERROR] Something went wrong
